[dotenv@17.2.3] injecting env (5) from .env -- tip: ⚙️  suppress all logs with { quiet: true }
node:internal/modules/cjs/loader:1228
  throw err;
  ^

Error: Cannot find module 'moment'
Require stack:
- C:\Users\Laptop\OneDrive\Desktop\PROJECT\E-commerce-1\src\services\token.service.js
- C:\Users\Laptop\OneDrive\Desktop\PROJECT\E-commerce-1\src\services\auth.service.js
- C:\Users\Laptop\OneDrive\Desktop\PROJECT\E-commerce-1\src\controllers\auth.controller.js
- C:\Users\Laptop\OneDrive\Desktop\PROJECT\E-commerce-1\src\routes\auth.routes.js
- C:\Users\Laptop\OneDrive\Desktop\PROJECT\E-commerce-1\src\app.js
- C:\Users\Laptop\OneDrive\Desktop\PROJECT\E-commerce-1\src\server.js
    at Module._resolveFilename (node:internal/modules/cjs/loader:1225:15)
    at Module._load (node:internal/modules/cjs/loader:1051:27)
    at Module.require (node:internal/modules/cjs/loader:1311:19)
    at require (node:internal/modules/helpers:179:18)
    at Object.<anonymous> (C:\Users\Laptop\OneDrive\Desktop\PROJECT\E-commerce-1\src\services\token.service.js:2:16)
    at Module._compile (node:internal/modules/cjs/loader:1469:14)
    at Module._extensions..js (node:internal/modules/cjs/loader:1548:10)
    at Module.load (node:internal/modules/cjs/loader:1288:32)
    at Module._load (node:internal/modules/cjs/loader:1104:12)
    at Module.require (node:internal/modules/cjs/loader:1311:19) {
  code: 'MODULE_NOT_FOUND',
  requireStack: [
    'C:\\Users\\Laptop\\OneDrive\\Desktop\\PROJECT\\E-commerce-1\\src\\services\\token.service.js',
    'C:\\Users\\Laptop\\OneDrive\\Desktop\\PROJECT\\E-commerce-1\\src\\services\\auth.service.js',
    'C:\\Users\\Laptop\\OneDrive\\Desktop\\PROJECT\\E-commerce-1\\src\\controllers\\auth.controller.js',
    'C:\\Users\\Laptop\\OneDrive\\Desktop\\PROJECT\\E-commerce-1\\src\\routes\\auth.routes.js',
    'C:\\Users\\Laptop\\OneDrive\\Desktop\\PROJECT\\E-commerce-1\\src\\app.js',
    'C:\\Users\\Laptop\\OneDrive\\Desktop\\PROJECT\\E-commerce-1\\src\\server.js'
  ]
}

Node.js v20.18.0
